21:19:35.225 [main] INFO  testCases.TC_001_AccountRegistrationTest - *****Staring TC_001_AccountRegistrationTest*****
21:19:36.831 [main] INFO  testCases.TC_001_AccountRegistrationTest - clicked on my account link
21:19:37.754 [main] INFO  testCases.TC_001_AccountRegistrationTest - clicked on register link
21:19:37.792 [main] INFO  testCases.TC_001_AccountRegistrationTest - providing customer data
21:19:39.966 [main] ERROR testCases.TC_001_AccountRegistrationTest - test failed
21:30:52.998 [main] INFO  testCases.TC_001_AccountRegistrationTest - *****Staring TC_001_AccountRegistrationTest*****
21:30:53.190 [main] INFO  testCases.TC_001_AccountRegistrationTest - clicked on my account link
21:30:54.192 [main] INFO  testCases.TC_001_AccountRegistrationTest - clicked on register link
21:30:54.211 [main] INFO  testCases.TC_001_AccountRegistrationTest - providing customer data
21:30:56.030 [main] ERROR testCases.TC_001_AccountRegistrationTest - test failed
21:31:59.744 [main] INFO  testCases.TC_001_AccountRegistrationTest - *****Staring TC_001_AccountRegistrationTest*****
21:31:59.949 [main] INFO  testCases.TC_001_AccountRegistrationTest - clicked on my account link
21:32:00.860 [main] INFO  testCases.TC_001_AccountRegistrationTest - clicked on register link
21:32:00.947 [main] INFO  testCases.TC_001_AccountRegistrationTest - providing customer data
21:32:05.862 [main] ERROR testCases.TC_001_AccountRegistrationTest - test failed
21:37:23.766 [main] DEBUG io.netty.util.internal.logging.InternalLoggerFactory - Using Log4J2 as the default logging framework
21:37:23.834 [main] DEBUG io.netty.util.ResourceLeakDetector - -Dio.netty.leakDetection.level: simple
21:37:23.835 [main] DEBUG io.netty.util.ResourceLeakDetector - -Dio.netty.leakDetection.targetRecords: 4
21:37:23.844 [main] DEBUG io.netty.util.ResourceLeakDetectorFactory - Loaded default ResourceLeakDetector: io.netty.util.ResourceLeakDetector@745c2004
21:37:23.889 [main] DEBUG io.netty.util.internal.PlatformDependent0 - -Dio.netty.noUnsafe: false
21:37:23.889 [main] DEBUG io.netty.util.internal.PlatformDependent0 - Java version: 17
21:37:23.892 [main] DEBUG io.netty.util.internal.PlatformDependent0 - sun.misc.Unsafe.theUnsafe: available
21:37:23.893 [main] DEBUG io.netty.util.internal.PlatformDependent0 - sun.misc.Unsafe.copyMemory: available
21:37:23.894 [main] DEBUG io.netty.util.internal.PlatformDependent0 - sun.misc.Unsafe.storeFence: available
21:37:23.895 [main] DEBUG io.netty.util.internal.PlatformDependent0 - java.nio.Buffer.address: available
21:37:23.896 [main] DEBUG io.netty.util.internal.PlatformDependent0 - direct buffer constructor: unavailable: Reflective setAccessible(true) disabled
21:37:23.897 [main] DEBUG io.netty.util.internal.PlatformDependent0 - java.nio.Bits.unaligned: available, true
21:37:23.899 [main] DEBUG io.netty.util.internal.PlatformDependent0 - jdk.internal.misc.Unsafe.allocateUninitializedArray(int): unavailable: class io.netty.util.internal.PlatformDependent0$7 cannot access class jdk.internal.misc.Unsafe (in module java.base) because module java.base does not export jdk.internal.misc to unnamed module @7ca48474
21:37:23.901 [main] DEBUG io.netty.util.internal.PlatformDependent0 - java.nio.DirectByteBuffer.<init>(long, int): unavailable
21:37:23.901 [main] DEBUG io.netty.util.internal.PlatformDependent - sun.misc.Unsafe: available
21:37:23.902 [main] DEBUG io.netty.util.internal.PlatformDependent - maxDirectMemory: 1038090240 bytes (maybe)
21:37:23.903 [main] DEBUG io.netty.util.internal.PlatformDependent - -Dio.netty.tmpdir: C:\Users\admin\AppData\Local\Temp (java.io.tmpdir)
21:37:23.904 [main] DEBUG io.netty.util.internal.PlatformDependent - -Dio.netty.bitMode: 64 (sun.arch.data.model)
21:37:23.905 [main] DEBUG io.netty.util.internal.PlatformDependent - Platform: Windows
21:37:23.907 [main] DEBUG io.netty.util.internal.PlatformDependent - -Dio.netty.maxDirectMemory: -1 bytes
21:37:23.908 [main] DEBUG io.netty.util.internal.PlatformDependent - -Dio.netty.uninitializedArrayAllocationThreshold: -1
21:37:23.911 [main] DEBUG io.netty.util.internal.CleanerJava9 - java.nio.ByteBuffer.cleaner(): available
21:37:23.911 [main] DEBUG io.netty.util.internal.PlatformDependent - -Dio.netty.noPreferDirect: false
21:37:23.924 [main] DEBUG io.netty.util.internal.PlatformDependent - org.jctools-core.MpscChunkedArrayQueue: available
21:37:23.960 [main] DEBUG io.netty.util.internal.InternalThreadLocalMap - -Dio.netty.threadLocalMap.stringBuilder.initialSize: 1024
21:37:23.960 [main] DEBUG io.netty.util.internal.InternalThreadLocalMap - -Dio.netty.threadLocalMap.stringBuilder.maxSize: 4096
21:37:24.109 [main] DEBUG io.netty.handler.ssl.JdkSslContext - Default protocols (JDK): [TLSv1.3, TLSv1.2] 
21:37:24.110 [main] DEBUG io.netty.handler.ssl.JdkSslContext - Default cipher suites (JDK): [TLS_ECDHE_ECDSA_WITH_AES_256_GCM_SHA384, TLS_ECDHE_ECDSA_WITH_AES_128_GCM_SHA256, TLS_ECDHE_RSA_WITH_AES_128_GCM_SHA256, TLS_ECDHE_RSA_WITH_AES_256_GCM_SHA384, TLS_ECDHE_RSA_WITH_AES_128_CBC_SHA, TLS_ECDHE_RSA_WITH_AES_256_CBC_SHA, TLS_RSA_WITH_AES_128_GCM_SHA256, TLS_RSA_WITH_AES_128_CBC_SHA, TLS_RSA_WITH_AES_256_CBC_SHA, TLS_AES_128_GCM_SHA256, TLS_AES_256_GCM_SHA384]
21:37:24.135 [main] DEBUG io.netty.util.concurrent.GlobalEventExecutor - -Dio.netty.globalEventExecutor.quietPeriodSeconds: 1
21:37:24.161 [main] DEBUG io.netty.channel.MultithreadEventLoopGroup - -Dio.netty.eventLoopThreads: 8
21:37:24.182 [main] DEBUG io.netty.channel.nio.NioEventLoop - -Dio.netty.noKeySetOptimization: false
21:37:24.182 [main] DEBUG io.netty.channel.nio.NioEventLoop - -Dio.netty.selectorAutoRebuildThreshold: 512
21:37:24.324 [main] DEBUG io.netty.buffer.PooledByteBufAllocator - -Dio.netty.allocator.numHeapArenas: 8
21:37:24.324 [main] DEBUG io.netty.buffer.PooledByteBufAllocator - -Dio.netty.allocator.numDirectArenas: 8
21:37:24.324 [main] DEBUG io.netty.buffer.PooledByteBufAllocator - -Dio.netty.allocator.pageSize: 8192
21:37:24.324 [main] DEBUG io.netty.buffer.PooledByteBufAllocator - -Dio.netty.allocator.maxOrder: 9
21:37:24.325 [main] DEBUG io.netty.buffer.PooledByteBufAllocator - -Dio.netty.allocator.chunkSize: 4194304
21:37:24.325 [main] DEBUG io.netty.buffer.PooledByteBufAllocator - -Dio.netty.allocator.smallCacheSize: 256
21:37:24.325 [main] DEBUG io.netty.buffer.PooledByteBufAllocator - -Dio.netty.allocator.normalCacheSize: 64
21:37:24.325 [main] DEBUG io.netty.buffer.PooledByteBufAllocator - -Dio.netty.allocator.maxCachedBufferCapacity: 32768
21:37:24.325 [main] DEBUG io.netty.buffer.PooledByteBufAllocator - -Dio.netty.allocator.cacheTrimInterval: 8192
21:37:24.326 [main] DEBUG io.netty.buffer.PooledByteBufAllocator - -Dio.netty.allocator.cacheTrimIntervalMillis: 0
21:37:24.326 [main] DEBUG io.netty.buffer.PooledByteBufAllocator - -Dio.netty.allocator.useCacheForAllThreads: false
21:37:24.326 [main] DEBUG io.netty.buffer.PooledByteBufAllocator - -Dio.netty.allocator.maxCachedByteBuffersPerChunk: 1023
21:37:24.358 [main] DEBUG io.netty.buffer.ByteBufUtil - -Dio.netty.allocator.type: pooled
21:37:24.358 [main] DEBUG io.netty.buffer.ByteBufUtil - -Dio.netty.threadLocalDirectBufferSize: 0
21:37:24.359 [main] DEBUG io.netty.buffer.ByteBufUtil - -Dio.netty.maxThreadLocalCharBufferSize: 16384
21:37:26.718 [Forwarding newSession on session null to remote] DEBUG io.netty.channel.DefaultChannelId - -Dio.netty.processId: 32 (auto-detected)
21:37:26.746 [Forwarding newSession on session null to remote] DEBUG io.netty.util.NetUtil - -Djava.net.preferIPv4Stack: false
21:37:26.746 [Forwarding newSession on session null to remote] DEBUG io.netty.util.NetUtil - -Djava.net.preferIPv6Addresses: false
21:37:26.764 [Forwarding newSession on session null to remote] DEBUG io.netty.util.NetUtilInitializations - Loopback interface: lo (Software Loopback Interface 1, 127.0.0.1)
21:37:26.767 [Forwarding newSession on session null to remote] DEBUG io.netty.util.NetUtil - Failed to get SOMAXCONN from sysctl and file \proc\sys\net\core\somaxconn. Default: 200
21:37:26.810 [Forwarding newSession on session null to remote] DEBUG io.netty.channel.DefaultChannelId - -Dio.netty.machineId: 20:68:9d:ff:fe:79:58:9d (auto-detected)
21:37:27.110 [AsyncHttpClient-1-2] DEBUG io.netty.buffer.AbstractByteBuf - -Dio.netty.buffer.checkAccessible: true
21:37:27.111 [AsyncHttpClient-1-2] DEBUG io.netty.buffer.AbstractByteBuf - -Dio.netty.buffer.checkBounds: true
21:37:27.111 [AsyncHttpClient-1-2] DEBUG io.netty.util.ResourceLeakDetectorFactory - Loaded default ResourceLeakDetector: io.netty.util.ResourceLeakDetector@7ee00a7d
21:37:27.285 [AsyncHttpClient-1-2] DEBUG io.netty.util.Recycler - -Dio.netty.recycler.maxCapacityPerThread: 4096
21:37:27.286 [AsyncHttpClient-1-2] DEBUG io.netty.util.Recycler - -Dio.netty.recycler.ratio: 8
21:37:27.286 [AsyncHttpClient-1-2] DEBUG io.netty.util.Recycler - -Dio.netty.recycler.chunkSize: 32
21:37:27.286 [AsyncHttpClient-1-2] DEBUG io.netty.util.Recycler - -Dio.netty.recycler.blocking: false
21:37:27.286 [AsyncHttpClient-1-2] DEBUG io.netty.util.Recycler - -Dio.netty.recycler.batchFastThreadLocalOnly: true
21:37:53.509 [AsyncHttpClient-1-2] DEBUG io.netty.handler.codec.compression.Brotli - brotli4j not in the classpath; Brotli support will be unavailable.
21:37:55.773 [main] DEBUG io.netty.util.internal.ThreadLocalRandom - -Dio.netty.initialSeedUniquifier: 0x16c43c57dd7447c4
21:38:01.206 [main] DEBUG testCases.TC_001_AccountRegistrationTest - applocation logs......
21:38:01.206 [main] INFO  testCases.TC_001_AccountRegistrationTest - *****Staring TC_001_AccountRegistrationTest*****
21:38:01.912 [main] INFO  testCases.TC_001_AccountRegistrationTest - clicked on my account link
21:38:03.710 [main] INFO  testCases.TC_001_AccountRegistrationTest - clicked on register link
21:38:03.821 [main] INFO  testCases.TC_001_AccountRegistrationTest - providing customer data
21:38:06.105 [main] ERROR testCases.TC_001_AccountRegistrationTest - test failed
21:34:55.190 [main] INFO  testCases.TC_001_AccountRegistrationTest - *****Staring TC_001_AccountRegistrationTest*****
21:34:55.942 [main] INFO  testCases.TC_001_AccountRegistrationTest - clicked on my account link
21:34:57.253 [main] INFO  testCases.TC_001_AccountRegistrationTest - clicked on register link
21:34:57.312 [main] INFO  testCases.TC_001_AccountRegistrationTest - providing customer data
21:35:00.171 [main] ERROR testCases.TC_001_AccountRegistrationTest - test failed
21:35:13.255 [main] INFO  testCases.TC_002_LoginTest - Starting TC_002_LoginTest
11:18:50.475 [main] INFO  testCases.TC_001_AccountRegistrationTest - *****Staring TC_001_AccountRegistrationTest*****
11:18:51.542 [main] INFO  testCases.TC_001_AccountRegistrationTest - clicked on my account link
11:18:53.823 [main] INFO  testCases.TC_001_AccountRegistrationTest - clicked on register link
11:18:54.512 [main] INFO  testCases.TC_001_AccountRegistrationTest - providing customer data
11:18:58.946 [main] ERROR testCases.TC_001_AccountRegistrationTest - test failed
11:19:31.542 [main] INFO  testCases.TC_002_LoginTest - Starting TC_002_LoginTest
11:21:20.941 [main] INFO  testCases.TC_001_AccountRegistrationTest - *****Staring TC_001_AccountRegistrationTest*****
11:21:21.167 [main] INFO  testCases.TC_001_AccountRegistrationTest - clicked on my account link
11:21:22.189 [main] INFO  testCases.TC_001_AccountRegistrationTest - clicked on register link
11:21:22.194 [main] INFO  testCases.TC_001_AccountRegistrationTest - providing customer data
11:21:24.555 [main] ERROR testCases.TC_001_AccountRegistrationTest - test failed
11:21:34.343 [main] INFO  testCases.TC_002_LoginTest - Starting TC_002_LoginTest
16:19:22.729 [main] INFO  testCases.TC_001_AccountRegistrationTest - *****Staring TC_001_AccountRegistrationTest*****
16:19:25.938 [main] INFO  testCases.TC_001_AccountRegistrationTest - clicked on my account link
16:19:28.095 [main] INFO  testCases.TC_001_AccountRegistrationTest - clicked on register link
16:19:28.706 [main] INFO  testCases.TC_001_AccountRegistrationTest - providing customer data
16:19:31.688 [main] ERROR testCases.TC_001_AccountRegistrationTest - test failed
16:20:53.219 [main] INFO  testCases.TC_002_LoginTest - Starting TC_002_LoginTest
16:21:32.807 [main] INFO  testCases.TC_003_LoginDataDrivenTest -  Starting TC_003_LoginDataDrivenTest 
16:21:44.654 [main] INFO  testCases.TC_003_LoginDataDrivenTest -  Starting TC_003_LoginDataDrivenTest 
16:21:57.009 [main] INFO  testCases.TC_003_LoginDataDrivenTest -  Starting TC_003_LoginDataDrivenTest 
16:22:08.419 [main] INFO  testCases.TC_003_LoginDataDrivenTest -  Starting TC_003_LoginDataDrivenTest 
17:00:30.924 [main] INFO  testCases.TC_001_AccountRegistrationTest - *****Staring TC_001_AccountRegistrationTest*****
17:00:31.886 [main] INFO  testCases.TC_001_AccountRegistrationTest - clicked on my account link
17:00:36.525 [main] INFO  testCases.TC_001_AccountRegistrationTest - clicked on register link
17:00:36.596 [main] INFO  testCases.TC_001_AccountRegistrationTest - providing customer data
17:00:43.680 [main] ERROR testCases.TC_001_AccountRegistrationTest - test failed
17:00:52.546 [main] INFO  testCases.TC_002_LoginTest - Starting TC_002_LoginTest
17:01:43.257 [main] INFO  testCases.TC_003_LoginDataDrivenTest -  Starting TC_003_LoginDataDrivenTest 
17:20:02.094 [main] INFO  testCases.TC_001_AccountRegistrationTest - *****Staring TC_001_AccountRegistrationTest*****
17:20:06.333 [main] INFO  testCases.TC_001_AccountRegistrationTest - clicked on my account link
17:20:19.749 [main] INFO  testCases.TC_001_AccountRegistrationTest - clicked on register link
17:20:20.584 [main] INFO  testCases.TC_001_AccountRegistrationTest - providing customer data
17:20:39.546 [main] ERROR testCases.TC_001_AccountRegistrationTest - test failed
17:22:02.577 [main] INFO  testCases.TC_002_LoginTest - Starting TC_002_LoginTest
17:23:21.862 [main] INFO  testCases.TC_003_LoginDataDrivenTest -  Starting TC_003_LoginDataDrivenTest 
17:23:39.443 [main] INFO  testCases.TC_003_LoginDataDrivenTest -  Starting TC_003_LoginDataDrivenTest 
17:23:51.065 [main] INFO  testCases.TC_003_LoginDataDrivenTest -  Starting TC_003_LoginDataDrivenTest 
17:24:02.487 [main] INFO  testCases.TC_003_LoginDataDrivenTest -  Starting TC_003_LoginDataDrivenTest 
17:24:13.725 [main] INFO  testCases.TC_003_LoginDataDrivenTest -  Starting TC_003_LoginDataDrivenTest 
